<?xml version="1.0" encoding="UTF-8"?>
<testsuite xmlns:xsi="http://www.w3.org/2001/XMLSchema-instance" xsi:noNamespaceSchemaLocation="https://maven.apache.org/surefire/maven-surefire-plugin/xsd/surefire-test-report.xsd" name="com.example.springKaiser.YoutubeFeedManagerApplicationTests" time="8.066" tests="1" errors="0" skipped="0" failures="0">
  <properties>
    <property name="java.specification.version" value="17"/>
    <property name="sun.cpu.isalist" value="amd64"/>
    <property name="sun.jnu.encoding" value="Cp1252"/>
    <property name="java.class.path" value="D:\KaiRepo\KaiserRepo\backend\kaiser\target\test-classes;D:\KaiRepo\KaiserRepo\backend\kaiser\target\classes;C:\Users\Slik\.m2\repository\org\springframework\boot\spring-boot-starter-data-rest\3.0.0-M2\spring-boot-starter-data-rest-3.0.0-M2.jar;C:\Users\Slik\.m2\repository\org\springframework\data\spring-data-rest-webmvc\4.0.0-M3\spring-data-rest-webmvc-4.0.0-M3.jar;C:\Users\Slik\.m2\repository\org\springframework\data\spring-data-rest-core\4.0.0-M3\spring-data-rest-core-4.0.0-M3.jar;C:\Users\Slik\.m2\repository\org\springframework\spring-tx\6.0.0-M3\spring-tx-6.0.0-M3.jar;C:\Users\Slik\.m2\repository\org\springframework\hateoas\spring-hateoas\2.0.0-M2\spring-hateoas-2.0.0-M2.jar;C:\Users\Slik\.m2\repository\org\springframework\data\spring-data-commons\3.0.0-M3\spring-data-commons-3.0.0-M3.jar;C:\Users\Slik\.m2\repository\org\springframework\plugin\spring-plugin-core\3.0.0-M1\spring-plugin-core-3.0.0-M1.jar;C:\Users\Slik\.m2\repository\org\atteo\evo-inflector\1.3\evo-inflector-1.3.jar;C:\Users\Slik\.m2\repository\com\fasterxml\jackson\core\jackson-databind\2.13.2\jackson-databind-2.13.2.jar;C:\Users\Slik\.m2\repository\com\fasterxml\jackson\core\jackson-core\2.13.2\jackson-core-2.13.2.jar;C:\Users\Slik\.m2\repository\com\fasterxml\jackson\core\jackson-annotations\2.13.2\jackson-annotations-2.13.2.jar;C:\Users\Slik\.m2\repository\org\slf4j\slf4j-api\1.7.36\slf4j-api-1.7.36.jar;C:\Users\Slik\.m2\repository\org\springframework\boot\spring-boot-starter-oauth2-client\3.0.0-M2\spring-boot-starter-oauth2-client-3.0.0-M2.jar;C:\Users\Slik\.m2\repository\org\springframework\boot\spring-boot-starter\3.0.0-M2\spring-boot-starter-3.0.0-M2.jar;C:\Users\Slik\.m2\repository\org\springframework\boot\spring-boot\3.0.0-M2\spring-boot-3.0.0-M2.jar;C:\Users\Slik\.m2\repository\org\springframework\boot\spring-boot-autoconfigure\3.0.0-M2\spring-boot-autoconfigure-3.0.0-M2.jar;C:\Users\Slik\.m2\repository\org\springframework\boot\spring-boot-starter-logging\3.0.0-M2\spring-boot-starter-logging-3.0.0-M2.jar;C:\Users\Slik\.m2\repository\ch\qos\logback\logback-classic\1.2.11\logback-classic-1.2.11.jar;C:\Users\Slik\.m2\repository\ch\qos\logback\logback-core\1.2.11\logback-core-1.2.11.jar;C:\Users\Slik\.m2\repository\org\apache\logging\log4j\log4j-to-slf4j\2.17.2\log4j-to-slf4j-2.17.2.jar;C:\Users\Slik\.m2\repository\org\apache\logging\log4j\log4j-api\2.17.2\log4j-api-2.17.2.jar;C:\Users\Slik\.m2\repository\org\slf4j\jul-to-slf4j\1.7.36\jul-to-slf4j-1.7.36.jar;C:\Users\Slik\.m2\repository\jakarta\annotation\jakarta.annotation-api\2.0.0\jakarta.annotation-api-2.0.0.jar;C:\Users\Slik\.m2\repository\org\yaml\snakeyaml\1.30\snakeyaml-1.30.jar;C:\Users\Slik\.m2\repository\org\springframework\security\spring-security-config\6.0.0-M3\spring-security-config-6.0.0-M3.jar;C:\Users\Slik\.m2\repository\org\springframework\spring-aop\6.0.0-M3\spring-aop-6.0.0-M3.jar;C:\Users\Slik\.m2\repository\org\springframework\spring-beans\6.0.0-M3\spring-beans-6.0.0-M3.jar;C:\Users\Slik\.m2\repository\org\springframework\spring-context\6.0.0-M3\spring-context-6.0.0-M3.jar;C:\Users\Slik\.m2\repository\org\springframework\security\spring-security-core\6.0.0-M3\spring-security-core-6.0.0-M3.jar;C:\Users\Slik\.m2\repository\org\springframework\security\spring-security-crypto\6.0.0-M3\spring-security-crypto-6.0.0-M3.jar;C:\Users\Slik\.m2\repository\org\springframework\spring-expression\6.0.0-M3\spring-expression-6.0.0-M3.jar;C:\Users\Slik\.m2\repository\org\springframework\security\spring-security-oauth2-client\6.0.0-M3\spring-security-oauth2-client-6.0.0-M3.jar;C:\Users\Slik\.m2\repository\org\springframework\security\spring-security-oauth2-core\6.0.0-M3\spring-security-oauth2-core-6.0.0-M3.jar;C:\Users\Slik\.m2\repository\org\springframework\security\spring-security-web\6.0.0-M3\spring-security-web-6.0.0-M3.jar;C:\Users\Slik\.m2\repository\com\nimbusds\oauth2-oidc-sdk\9.30\oauth2-oidc-sdk-9.30.jar;C:\Users\Slik\.m2\repository\com\github\stephenc\jcip\jcip-annotations\1.0-1\jcip-annotations-1.0-1.jar;C:\Users\Slik\.m2\repository\com\nimbusds\content-type\2.2\content-type-2.2.jar;C:\Users\Slik\.m2\repository\com\nimbusds\lang-tag\1.6\lang-tag-1.6.jar;C:\Users\Slik\.m2\repository\org\springframework\security\spring-security-oauth2-jose\6.0.0-M3\spring-security-oauth2-jose-6.0.0-M3.jar;C:\Users\Slik\.m2\repository\com\nimbusds\nimbus-jose-jwt\9.21\nimbus-jose-jwt-9.21.jar;C:\Users\Slik\.m2\repository\org\springframework\boot\spring-boot-starter-web\3.0.0-M2\spring-boot-starter-web-3.0.0-M2.jar;C:\Users\Slik\.m2\repository\org\springframework\boot\spring-boot-starter-json\3.0.0-M2\spring-boot-starter-json-3.0.0-M2.jar;C:\Users\Slik\.m2\repository\com\fasterxml\jackson\datatype\jackson-datatype-jdk8\2.13.2\jackson-datatype-jdk8-2.13.2.jar;C:\Users\Slik\.m2\repository\com\fasterxml\jackson\datatype\jackson-datatype-jsr310\2.13.2\jackson-datatype-jsr310-2.13.2.jar;C:\Users\Slik\.m2\repository\com\fasterxml\jackson\module\jackson-module-parameter-names\2.13.2\jackson-module-parameter-names-2.13.2.jar;C:\Users\Slik\.m2\repository\org\springframework\boot\spring-boot-starter-tomcat\3.0.0-M2\spring-boot-starter-tomcat-3.0.0-M2.jar;C:\Users\Slik\.m2\repository\org\apache\tomcat\embed\tomcat-embed-core\10.0.18\tomcat-embed-core-10.0.18.jar;C:\Users\Slik\.m2\repository\org\apache\tomcat\embed\tomcat-embed-el\10.0.18\tomcat-embed-el-10.0.18.jar;C:\Users\Slik\.m2\repository\org\apache\tomcat\embed\tomcat-embed-websocket\10.0.18\tomcat-embed-websocket-10.0.18.jar;C:\Users\Slik\.m2\repository\org\springframework\spring-web\6.0.0-M3\spring-web-6.0.0-M3.jar;C:\Users\Slik\.m2\repository\org\springframework\spring-webmvc\6.0.0-M3\spring-webmvc-6.0.0-M3.jar;C:\Users\Slik\.m2\repository\org\projectlombok\lombok\1.18.22\lombok-1.18.22.jar;C:\Users\Slik\.m2\repository\org\springframework\boot\spring-boot-starter-test\3.0.0-M2\spring-boot-starter-test-3.0.0-M2.jar;C:\Users\Slik\.m2\repository\org\springframework\boot\spring-boot-test\3.0.0-M2\spring-boot-test-3.0.0-M2.jar;C:\Users\Slik\.m2\repository\org\springframework\boot\spring-boot-test-autoconfigure\3.0.0-M2\spring-boot-test-autoconfigure-3.0.0-M2.jar;C:\Users\Slik\.m2\repository\com\jayway\jsonpath\json-path\2.7.0\json-path-2.7.0.jar;C:\Users\Slik\.m2\repository\net\minidev\json-smart\2.4.8\json-smart-2.4.8.jar;C:\Users\Slik\.m2\repository\net\minidev\accessors-smart\2.4.8\accessors-smart-2.4.8.jar;C:\Users\Slik\.m2\repository\org\ow2\asm\asm\9.1\asm-9.1.jar;C:\Users\Slik\.m2\repository\jakarta\xml\bind\jakarta.xml.bind-api\3.0.1\jakarta.xml.bind-api-3.0.1.jar;C:\Users\Slik\.m2\repository\com\sun\activation\jakarta.activation\2.0.1\jakarta.activation-2.0.1.jar;C:\Users\Slik\.m2\repository\org\assertj\assertj-core\3.22.0\assertj-core-3.22.0.jar;C:\Users\Slik\.m2\repository\org\hamcrest\hamcrest\2.2\hamcrest-2.2.jar;C:\Users\Slik\.m2\repository\org\junit\jupiter\junit-jupiter\5.8.2\junit-jupiter-5.8.2.jar;C:\Users\Slik\.m2\repository\org\junit\jupiter\junit-jupiter-api\5.8.2\junit-jupiter-api-5.8.2.jar;C:\Users\Slik\.m2\repository\org\opentest4j\opentest4j\1.2.0\opentest4j-1.2.0.jar;C:\Users\Slik\.m2\repository\org\junit\platform\junit-platform-commons\1.8.2\junit-platform-commons-1.8.2.jar;C:\Users\Slik\.m2\repository\org\apiguardian\apiguardian-api\1.1.2\apiguardian-api-1.1.2.jar;C:\Users\Slik\.m2\repository\org\junit\jupiter\junit-jupiter-params\5.8.2\junit-jupiter-params-5.8.2.jar;C:\Users\Slik\.m2\repository\org\junit\jupiter\junit-jupiter-engine\5.8.2\junit-jupiter-engine-5.8.2.jar;C:\Users\Slik\.m2\repository\org\junit\platform\junit-platform-engine\1.8.2\junit-platform-engine-1.8.2.jar;C:\Users\Slik\.m2\repository\org\mockito\mockito-core\4.4.0\mockito-core-4.4.0.jar;C:\Users\Slik\.m2\repository\net\bytebuddy\byte-buddy\1.12.8\byte-buddy-1.12.8.jar;C:\Users\Slik\.m2\repository\net\bytebuddy\byte-buddy-agent\1.12.8\byte-buddy-agent-1.12.8.jar;C:\Users\Slik\.m2\repository\org\objenesis\objenesis\3.2\objenesis-3.2.jar;C:\Users\Slik\.m2\repository\org\mockito\mockito-junit-jupiter\4.4.0\mockito-junit-jupiter-4.4.0.jar;C:\Users\Slik\.m2\repository\org\skyscreamer\jsonassert\1.5.0\jsonassert-1.5.0.jar;C:\Users\Slik\.m2\repository\com\vaadin\external\google\android-json\0.0.20131108.vaadin1\android-json-0.0.20131108.vaadin1.jar;C:\Users\Slik\.m2\repository\org\springframework\spring-core\6.0.0-M3\spring-core-6.0.0-M3.jar;C:\Users\Slik\.m2\repository\org\springframework\spring-jcl\6.0.0-M3\spring-jcl-6.0.0-M3.jar;C:\Users\Slik\.m2\repository\org\springframework\spring-test\6.0.0-M3\spring-test-6.0.0-M3.jar;C:\Users\Slik\.m2\repository\org\xmlunit\xmlunit-core\2.9.0\xmlunit-core-2.9.0.jar;"/>
    <property name="java.vm.vendor" value="Azul Systems, Inc."/>
    <property name="sun.arch.data.model" value="64"/>
    <property name="user.variant" value=""/>
    <property name="java.vendor.url" value="http://www.azul.com/"/>
    <property name="user.timezone" value="Africa/Johannesburg"/>
    <property name="os.name" value="Windows 10"/>
    <property name="java.vm.specification.version" value="17"/>
    <property name="sun.java.launcher" value="SUN_STANDARD"/>
    <property name="user.country" value="ZA"/>
    <property name="sun.boot.library.path" value="C:\Users\Slik\.jdks\azul-17.0.2\bin"/>
    <property name="sun.java.command" value="C:\Users\Slik\AppData\Local\Temp\surefire16016183906161124763\surefirebooter136981963877868524.jar C:\Users\Slik\AppData\Local\Temp\surefire16016183906161124763 2022-04-05T20-34-25_470-jvmRun1 surefire11416605274075879962tmp surefire_08899854820505866078tmp"/>
    <property name="jdk.debug" value="release"/>
    <property name="surefire.test.class.path" value="D:\KaiRepo\KaiserRepo\backend\kaiser\target\test-classes;D:\KaiRepo\KaiserRepo\backend\kaiser\target\classes;C:\Users\Slik\.m2\repository\org\springframework\boot\spring-boot-starter-data-rest\3.0.0-M2\spring-boot-starter-data-rest-3.0.0-M2.jar;C:\Users\Slik\.m2\repository\org\springframework\data\spring-data-rest-webmvc\4.0.0-M3\spring-data-rest-webmvc-4.0.0-M3.jar;C:\Users\Slik\.m2\repository\org\springframework\data\spring-data-rest-core\4.0.0-M3\spring-data-rest-core-4.0.0-M3.jar;C:\Users\Slik\.m2\repository\org\springframework\spring-tx\6.0.0-M3\spring-tx-6.0.0-M3.jar;C:\Users\Slik\.m2\repository\org\springframework\hateoas\spring-hateoas\2.0.0-M2\spring-hateoas-2.0.0-M2.jar;C:\Users\Slik\.m2\repository\org\springframework\data\spring-data-commons\3.0.0-M3\spring-data-commons-3.0.0-M3.jar;C:\Users\Slik\.m2\repository\org\springframework\plugin\spring-plugin-core\3.0.0-M1\spring-plugin-core-3.0.0-M1.jar;C:\Users\Slik\.m2\repository\org\atteo\evo-inflector\1.3\evo-inflector-1.3.jar;C:\Users\Slik\.m2\repository\com\fasterxml\jackson\core\jackson-databind\2.13.2\jackson-databind-2.13.2.jar;C:\Users\Slik\.m2\repository\com\fasterxml\jackson\core\jackson-core\2.13.2\jackson-core-2.13.2.jar;C:\Users\Slik\.m2\repository\com\fasterxml\jackson\core\jackson-annotations\2.13.2\jackson-annotations-2.13.2.jar;C:\Users\Slik\.m2\repository\org\slf4j\slf4j-api\1.7.36\slf4j-api-1.7.36.jar;C:\Users\Slik\.m2\repository\org\springframework\boot\spring-boot-starter-oauth2-client\3.0.0-M2\spring-boot-starter-oauth2-client-3.0.0-M2.jar;C:\Users\Slik\.m2\repository\org\springframework\boot\spring-boot-starter\3.0.0-M2\spring-boot-starter-3.0.0-M2.jar;C:\Users\Slik\.m2\repository\org\springframework\boot\spring-boot\3.0.0-M2\spring-boot-3.0.0-M2.jar;C:\Users\Slik\.m2\repository\org\springframework\boot\spring-boot-autoconfigure\3.0.0-M2\spring-boot-autoconfigure-3.0.0-M2.jar;C:\Users\Slik\.m2\repository\org\springframework\boot\spring-boot-starter-logging\3.0.0-M2\spring-boot-starter-logging-3.0.0-M2.jar;C:\Users\Slik\.m2\repository\ch\qos\logback\logback-classic\1.2.11\logback-classic-1.2.11.jar;C:\Users\Slik\.m2\repository\ch\qos\logback\logback-core\1.2.11\logback-core-1.2.11.jar;C:\Users\Slik\.m2\repository\org\apache\logging\log4j\log4j-to-slf4j\2.17.2\log4j-to-slf4j-2.17.2.jar;C:\Users\Slik\.m2\repository\org\apache\logging\log4j\log4j-api\2.17.2\log4j-api-2.17.2.jar;C:\Users\Slik\.m2\repository\org\slf4j\jul-to-slf4j\1.7.36\jul-to-slf4j-1.7.36.jar;C:\Users\Slik\.m2\repository\jakarta\annotation\jakarta.annotation-api\2.0.0\jakarta.annotation-api-2.0.0.jar;C:\Users\Slik\.m2\repository\org\yaml\snakeyaml\1.30\snakeyaml-1.30.jar;C:\Users\Slik\.m2\repository\org\springframework\security\spring-security-config\6.0.0-M3\spring-security-config-6.0.0-M3.jar;C:\Users\Slik\.m2\repository\org\springframework\spring-aop\6.0.0-M3\spring-aop-6.0.0-M3.jar;C:\Users\Slik\.m2\repository\org\springframework\spring-beans\6.0.0-M3\spring-beans-6.0.0-M3.jar;C:\Users\Slik\.m2\repository\org\springframework\spring-context\6.0.0-M3\spring-context-6.0.0-M3.jar;C:\Users\Slik\.m2\repository\org\springframework\security\spring-security-core\6.0.0-M3\spring-security-core-6.0.0-M3.jar;C:\Users\Slik\.m2\repository\org\springframework\security\spring-security-crypto\6.0.0-M3\spring-security-crypto-6.0.0-M3.jar;C:\Users\Slik\.m2\repository\org\springframework\spring-expression\6.0.0-M3\spring-expression-6.0.0-M3.jar;C:\Users\Slik\.m2\repository\org\springframework\security\spring-security-oauth2-client\6.0.0-M3\spring-security-oauth2-client-6.0.0-M3.jar;C:\Users\Slik\.m2\repository\org\springframework\security\spring-security-oauth2-core\6.0.0-M3\spring-security-oauth2-core-6.0.0-M3.jar;C:\Users\Slik\.m2\repository\org\springframework\security\spring-security-web\6.0.0-M3\spring-security-web-6.0.0-M3.jar;C:\Users\Slik\.m2\repository\com\nimbusds\oauth2-oidc-sdk\9.30\oauth2-oidc-sdk-9.30.jar;C:\Users\Slik\.m2\repository\com\github\stephenc\jcip\jcip-annotations\1.0-1\jcip-annotations-1.0-1.jar;C:\Users\Slik\.m2\repository\com\nimbusds\content-type\2.2\content-type-2.2.jar;C:\Users\Slik\.m2\repository\com\nimbusds\lang-tag\1.6\lang-tag-1.6.jar;C:\Users\Slik\.m2\repository\org\springframework\security\spring-security-oauth2-jose\6.0.0-M3\spring-security-oauth2-jose-6.0.0-M3.jar;C:\Users\Slik\.m2\repository\com\nimbusds\nimbus-jose-jwt\9.21\nimbus-jose-jwt-9.21.jar;C:\Users\Slik\.m2\repository\org\springframework\boot\spring-boot-starter-web\3.0.0-M2\spring-boot-starter-web-3.0.0-M2.jar;C:\Users\Slik\.m2\repository\org\springframework\boot\spring-boot-starter-json\3.0.0-M2\spring-boot-starter-json-3.0.0-M2.jar;C:\Users\Slik\.m2\repository\com\fasterxml\jackson\datatype\jackson-datatype-jdk8\2.13.2\jackson-datatype-jdk8-2.13.2.jar;C:\Users\Slik\.m2\repository\com\fasterxml\jackson\datatype\jackson-datatype-jsr310\2.13.2\jackson-datatype-jsr310-2.13.2.jar;C:\Users\Slik\.m2\repository\com\fasterxml\jackson\module\jackson-module-parameter-names\2.13.2\jackson-module-parameter-names-2.13.2.jar;C:\Users\Slik\.m2\repository\org\springframework\boot\spring-boot-starter-tomcat\3.0.0-M2\spring-boot-starter-tomcat-3.0.0-M2.jar;C:\Users\Slik\.m2\repository\org\apache\tomcat\embed\tomcat-embed-core\10.0.18\tomcat-embed-core-10.0.18.jar;C:\Users\Slik\.m2\repository\org\apache\tomcat\embed\tomcat-embed-el\10.0.18\tomcat-embed-el-10.0.18.jar;C:\Users\Slik\.m2\repository\org\apache\tomcat\embed\tomcat-embed-websocket\10.0.18\tomcat-embed-websocket-10.0.18.jar;C:\Users\Slik\.m2\repository\org\springframework\spring-web\6.0.0-M3\spring-web-6.0.0-M3.jar;C:\Users\Slik\.m2\repository\org\springframework\spring-webmvc\6.0.0-M3\spring-webmvc-6.0.0-M3.jar;C:\Users\Slik\.m2\repository\org\projectlombok\lombok\1.18.22\lombok-1.18.22.jar;C:\Users\Slik\.m2\repository\org\springframework\boot\spring-boot-starter-test\3.0.0-M2\spring-boot-starter-test-3.0.0-M2.jar;C:\Users\Slik\.m2\repository\org\springframework\boot\spring-boot-test\3.0.0-M2\spring-boot-test-3.0.0-M2.jar;C:\Users\Slik\.m2\repository\org\springframework\boot\spring-boot-test-autoconfigure\3.0.0-M2\spring-boot-test-autoconfigure-3.0.0-M2.jar;C:\Users\Slik\.m2\repository\com\jayway\jsonpath\json-path\2.7.0\json-path-2.7.0.jar;C:\Users\Slik\.m2\repository\net\minidev\json-smart\2.4.8\json-smart-2.4.8.jar;C:\Users\Slik\.m2\repository\net\minidev\accessors-smart\2.4.8\accessors-smart-2.4.8.jar;C:\Users\Slik\.m2\repository\org\ow2\asm\asm\9.1\asm-9.1.jar;C:\Users\Slik\.m2\repository\jakarta\xml\bind\jakarta.xml.bind-api\3.0.1\jakarta.xml.bind-api-3.0.1.jar;C:\Users\Slik\.m2\repository\com\sun\activation\jakarta.activation\2.0.1\jakarta.activation-2.0.1.jar;C:\Users\Slik\.m2\repository\org\assertj\assertj-core\3.22.0\assertj-core-3.22.0.jar;C:\Users\Slik\.m2\repository\org\hamcrest\hamcrest\2.2\hamcrest-2.2.jar;C:\Users\Slik\.m2\repository\org\junit\jupiter\junit-jupiter\5.8.2\junit-jupiter-5.8.2.jar;C:\Users\Slik\.m2\repository\org\junit\jupiter\junit-jupiter-api\5.8.2\junit-jupiter-api-5.8.2.jar;C:\Users\Slik\.m2\repository\org\opentest4j\opentest4j\1.2.0\opentest4j-1.2.0.jar;C:\Users\Slik\.m2\repository\org\junit\platform\junit-platform-commons\1.8.2\junit-platform-commons-1.8.2.jar;C:\Users\Slik\.m2\repository\org\apiguardian\apiguardian-api\1.1.2\apiguardian-api-1.1.2.jar;C:\Users\Slik\.m2\repository\org\junit\jupiter\junit-jupiter-params\5.8.2\junit-jupiter-params-5.8.2.jar;C:\Users\Slik\.m2\repository\org\junit\jupiter\junit-jupiter-engine\5.8.2\junit-jupiter-engine-5.8.2.jar;C:\Users\Slik\.m2\repository\org\junit\platform\junit-platform-engine\1.8.2\junit-platform-engine-1.8.2.jar;C:\Users\Slik\.m2\repository\org\mockito\mockito-core\4.4.0\mockito-core-4.4.0.jar;C:\Users\Slik\.m2\repository\net\bytebuddy\byte-buddy\1.12.8\byte-buddy-1.12.8.jar;C:\Users\Slik\.m2\repository\net\bytebuddy\byte-buddy-agent\1.12.8\byte-buddy-agent-1.12.8.jar;C:\Users\Slik\.m2\repository\org\objenesis\objenesis\3.2\objenesis-3.2.jar;C:\Users\Slik\.m2\repository\org\mockito\mockito-junit-jupiter\4.4.0\mockito-junit-jupiter-4.4.0.jar;C:\Users\Slik\.m2\repository\org\skyscreamer\jsonassert\1.5.0\jsonassert-1.5.0.jar;C:\Users\Slik\.m2\repository\com\vaadin\external\google\android-json\0.0.20131108.vaadin1\android-json-0.0.20131108.vaadin1.jar;C:\Users\Slik\.m2\repository\org\springframework\spring-core\6.0.0-M3\spring-core-6.0.0-M3.jar;C:\Users\Slik\.m2\repository\org\springframework\spring-jcl\6.0.0-M3\spring-jcl-6.0.0-M3.jar;C:\Users\Slik\.m2\repository\org\springframework\spring-test\6.0.0-M3\spring-test-6.0.0-M3.jar;C:\Users\Slik\.m2\repository\org\xmlunit\xmlunit-core\2.9.0\xmlunit-core-2.9.0.jar;"/>
    <property name="sun.cpu.endian" value="little"/>
    <property name="user.home" value="C:\Users\Slik"/>
    <property name="user.language" value="en"/>
    <property name="java.specification.vendor" value="Oracle Corporation"/>
    <property name="java.version.date" value="2022-01-18"/>
    <property name="java.home" value="C:\Users\Slik\.jdks\azul-17.0.2"/>
    <property name="file.separator" value="\"/>
    <property name="basedir" value="D:\KaiRepo\KaiserRepo\backend\kaiser"/>
    <property name="java.vm.compressedOopsMode" value="Zero based"/>
    <property name="line.separator" value="&#10;"/>
    <property name="java.vm.specification.vendor" value="Oracle Corporation"/>
    <property name="java.specification.name" value="Java Platform API Specification"/>
    <property name="surefire.real.class.path" value="C:\Users\Slik\AppData\Local\Temp\surefire16016183906161124763\surefirebooter136981963877868524.jar"/>
    <property name="user.script" value=""/>
    <property name="sun.management.compiler" value="HotSpot 64-Bit Tiered Compilers"/>
    <property name="java.runtime.version" value="17.0.2+8-LTS"/>
    <property name="user.name" value="Slik"/>
    <property name="path.separator" value=";"/>
    <property name="os.version" value="10.0"/>
    <property name="java.runtime.name" value="OpenJDK Runtime Environment"/>
    <property name="file.encoding" value="Cp1252"/>
    <property name="java.vm.name" value="OpenJDK 64-Bit Server VM"/>
    <property name="java.vendor.version" value="Zulu17.32+13-CA"/>
    <property name="localRepository" value="C:\Users\Slik\.m2\repository"/>
    <property name="java.vendor.url.bug" value="http://www.azul.com/support/"/>
    <property name="java.io.tmpdir" value="C:\Users\Slik\AppData\Local\Temp\"/>
    <property name="idea.version" value="2021.3.3"/>
    <property name="java.version" value="17.0.2"/>
    <property name="user.dir" value="D:\KaiRepo\KaiserRepo\backend\kaiser"/>
    <property name="os.arch" value="amd64"/>
    <property name="java.vm.specification.name" value="Java Virtual Machine Specification"/>
    <property name="sun.os.patch.level" value=""/>
    <property name="native.encoding" value="Cp1252"/>
    <property name="java.library.path" value="C:\Users\Slik\.jdks\azul-17.0.2\bin;C:\WINDOWS\Sun\Java\bin;C:\WINDOWS\system32;C:\WINDOWS;C:\Python27\;C:\Python27\Scripts;C:\Program Files (x86)\Intel\iCLS Client\;C:\Program Files (x86)\Common Files\Oracle\Java\javapath;c:\programdata\oracle\java\javapath;c:\program files\intel\icls client\;c:\windows\system32;c:\windows;c:\windows\system32\wbem;c:\windows\system32\windowspowershell\v1.0\;C:\Program Files\OpenVPN\bin;C:\ProgramData\chocolatey\bin;C:\WINDOWS\system32;C:\WINDOWS;C:\WINDOWS\System32\Wbem;C:\WINDOWS\System32\WindowsPowerShell\v1.0\;C:\WINDOWS\System32\OpenSSH\;C:\Program Files (x86)\Intel\Intel(R) Management Engine Components\DAL;C:\Program Files\Intel\Intel(R) Management Engine Components\DAL;C:\Program Files (x86)\Intel\Intel(R) Management Engine Components\IPT;C:\Program Files\Intel\Intel(R) Management Engine Components\IPT;C:\Program Files\Microsoft VS Code\bin;C:\Program Files\NVIDIA Corporation\NVIDIA NvDLISR;C:\WINDOWS\system32;C:\WINDOWS;C:\WINDOWS\System32\Wbem;C:\WINDOWS\System32\WindowsPowerShell\v1.0\;C:\WINDOWS\System32\OpenSSH\;C:\Program Files (x86)\NVIDIA Corporation\PhysX\Common;C:\Program Files\Git\cmd;C:\Program Files\nodejs\;C:\Users\Slik\AppData\Local\Microsoft\WindowsApps;C:\Program Files\Microsoft VS Code\bin;C:\Program Files\Docker Toolbox;C:\Go\dep;C:\Users\Slik\AppData\Local\Google\Cloud SDK\google-cloud-sdk\bin;C:\Users\Slik\AppData\Local\GitHubDesktop\bin;C:\Users\Slik\AppData\Local\Microsoft\WindowsApps;C:\Users\Slik\AppData\Roaming\npm;."/>
    <property name="java.vm.info" value="mixed mode, sharing"/>
    <property name="java.vendor" value="Azul Systems, Inc."/>
    <property name="java.vm.version" value="17.0.2+8-LTS"/>
    <property name="sun.io.unicode.encoding" value="UnicodeLittle"/>
    <property name="java.class.version" value="61.0"/>
  </properties>
  <testcase name="contextLoads" classname="com.example.springKaiser.YoutubeFeedManagerApplicationTests" time="1.28"/>
</testsuite>